2019-03-27 12:04:32-1-[main]ERROR com.capgemini.client.BankaccountClient -Withdraw failed :
com.capgemini.bankapp.Exception.LowBalanceException: You don't have sufficient fund
	at com.capgemini.bankapp.service.impl.BankAccountServiceImpl.withdraw(BankAccountServiceImpl.java:39)
	at com.capgemini.client.BankaccountClient.main(BankaccountClient.java:59)
2019-03-27 12:33:42-0-[main]ERROR com.capgemini.client.BankaccountClient -Withdraw failed :
com.capgemini.bankapp.Exception.LowBalanceException: You don't have sufficient fund
	at com.capgemini.bankapp.service.impl.BankAccountServiceImpl.withdraw(BankAccountServiceImpl.java:39)
	at com.capgemini.client.BankaccountClient.main(BankaccountClient.java:59)
2019-03-28 11:33:12-0-[main]ERROR com.capgemini.bankapp.util.Dbutil -SQLException 
com.mysql.jdbc.exceptions.jdbc4.MySQLNonTransientConnectionException: Connection.close() has already been called. Invalid operation in this state.
	at sun.reflect.NativeConstructorAccessorImpl.newInstance0(Native Method)
	at sun.reflect.NativeConstructorAccessorImpl.newInstance(Unknown Source)
	at sun.reflect.DelegatingConstructorAccessorImpl.newInstance(Unknown Source)
	at java.lang.reflect.Constructor.newInstance(Unknown Source)
	at com.mysql.jdbc.Util.handleNewInstance(Util.java:406)
	at com.mysql.jdbc.Util.getInstance(Util.java:381)
	at com.mysql.jdbc.SQLError.createSQLException(SQLError.java:985)
	at com.mysql.jdbc.SQLError.createSQLException(SQLError.java:957)
	at com.mysql.jdbc.SQLError.createSQLException(SQLError.java:927)
	at com.mysql.jdbc.ConnectionImpl.getMutex(ConnectionImpl.java:3015)
	at com.mysql.jdbc.ConnectionImpl.commit(ConnectionImpl.java:1521)
	at com.capgemini.bankapp.util.Dbutil.commit(Dbutil.java:52)
	at com.capgemini.bankapp.service.impl.BankAccountServiceImpl.withdraw(BankAccountServiceImpl.java:50)
	at com.capgemini.client.BankaccountClient.main(BankaccountClient.java:60)
2019-03-28 11:40:49-1-[main]ERROR com.capgemini.bankapp.util.Dbutil -SQLException 
com.mysql.jdbc.exceptions.jdbc4.MySQLNonTransientConnectionException: Connection.close() has already been called. Invalid operation in this state.
	at sun.reflect.NativeConstructorAccessorImpl.newInstance0(Native Method)
	at sun.reflect.NativeConstructorAccessorImpl.newInstance(Unknown Source)
	at sun.reflect.DelegatingConstructorAccessorImpl.newInstance(Unknown Source)
	at java.lang.reflect.Constructor.newInstance(Unknown Source)
	at com.mysql.jdbc.Util.handleNewInstance(Util.java:406)
	at com.mysql.jdbc.Util.getInstance(Util.java:381)
	at com.mysql.jdbc.SQLError.createSQLException(SQLError.java:985)
	at com.mysql.jdbc.SQLError.createSQLException(SQLError.java:957)
	at com.mysql.jdbc.SQLError.createSQLException(SQLError.java:927)
	at com.mysql.jdbc.ConnectionImpl.getMutex(ConnectionImpl.java:3015)
	at com.mysql.jdbc.ConnectionImpl.commit(ConnectionImpl.java:1521)
	at com.capgemini.bankapp.util.Dbutil.commit(Dbutil.java:54)
	at com.capgemini.bankapp.service.impl.BankAccountServiceImpl.withdraw(BankAccountServiceImpl.java:50)
	at com.capgemini.client.BankaccountClient.main(BankaccountClient.java:60)
2019-03-28 11:42:48-0-[main]ERROR com.capgemini.bankapp.util.Dbutil -SQLException 
com.mysql.jdbc.exceptions.jdbc4.MySQLNonTransientConnectionException: Connection.close() has already been called. Invalid operation in this state.
	at sun.reflect.NativeConstructorAccessorImpl.newInstance0(Native Method)
	at sun.reflect.NativeConstructorAccessorImpl.newInstance(Unknown Source)
	at sun.reflect.DelegatingConstructorAccessorImpl.newInstance(Unknown Source)
	at java.lang.reflect.Constructor.newInstance(Unknown Source)
	at com.mysql.jdbc.Util.handleNewInstance(Util.java:406)
	at com.mysql.jdbc.Util.getInstance(Util.java:381)
	at com.mysql.jdbc.SQLError.createSQLException(SQLError.java:985)
	at com.mysql.jdbc.SQLError.createSQLException(SQLError.java:957)
	at com.mysql.jdbc.SQLError.createSQLException(SQLError.java:927)
	at com.mysql.jdbc.ConnectionImpl.getMutex(ConnectionImpl.java:3015)
	at com.mysql.jdbc.ConnectionImpl.commit(ConnectionImpl.java:1521)
	at com.capgemini.bankapp.util.Dbutil.commit(Dbutil.java:54)
	at com.capgemini.bankapp.service.impl.BankAccountServiceImpl.withdraw(BankAccountServiceImpl.java:50)
	at com.capgemini.client.BankaccountClient.main(BankaccountClient.java:60)
2019-03-28 11:44:04-1-[main]ERROR com.capgemini.bankapp.util.Dbutil -SQLException 
com.mysql.jdbc.exceptions.jdbc4.MySQLNonTransientConnectionException: Connection.close() has already been called. Invalid operation in this state.
	at sun.reflect.NativeConstructorAccessorImpl.newInstance0(Native Method)
	at sun.reflect.NativeConstructorAccessorImpl.newInstance(Unknown Source)
	at sun.reflect.DelegatingConstructorAccessorImpl.newInstance(Unknown Source)
	at java.lang.reflect.Constructor.newInstance(Unknown Source)
	at com.mysql.jdbc.Util.handleNewInstance(Util.java:406)
	at com.mysql.jdbc.Util.getInstance(Util.java:381)
	at com.mysql.jdbc.SQLError.createSQLException(SQLError.java:985)
	at com.mysql.jdbc.SQLError.createSQLException(SQLError.java:957)
	at com.mysql.jdbc.SQLError.createSQLException(SQLError.java:927)
	at com.mysql.jdbc.ConnectionImpl.getMutex(ConnectionImpl.java:3015)
	at com.mysql.jdbc.ConnectionImpl.commit(ConnectionImpl.java:1521)
	at com.capgemini.bankapp.util.Dbutil.commit(Dbutil.java:54)
	at com.capgemini.bankapp.service.impl.BankAccountServiceImpl.withdraw(BankAccountServiceImpl.java:50)
	at com.capgemini.client.BankaccountClient.main(BankaccountClient.java:60)
2019-03-28 18:15:05-0-[main]ERROR com.capgemini.bankapp.util.Dbutil -Exception 
com.capgemini.bankapp.exception.LowBalanceException: You don't have sufficient fund
	at com.capgemini.bankapp.service.impl.BankAccountServiceImpl.withdrawForFundTransfer(BankAccountServiceImpl.java:103)
	at com.capgemini.bankapp.service.impl.BankAccountServiceImpl.fundTransfer(BankAccountServiceImpl.java:112)
	at com.capgemini.client.BankaccountClient.main(BankaccountClient.java:90)
2019-03-28 18:38:37-1-[main]ERROR com.capgemini.bankapp.util.Dbutil -Exception 
com.capgemini.bankapp.exception.BankAccountNotFoundException: Bank account not found
	at com.capgemini.bankapp.service.impl.BankAccountServiceImpl.deposit(BankAccountServiceImpl.java:66)
	at com.capgemini.bankapp.service.impl.BankAccountServiceImpl.fundTransfer(BankAccountServiceImpl.java:114)
	at com.capgemini.client.BankaccountClient.main(BankaccountClient.java:95)
